[08-Aug-2025 08:58:14 UTC] WordPress database error Table 'wp_e_events' already exists for query CREATE TABLE `wp_e_events` (
			id bigint(20) unsigned auto_increment primary key,
			event_data text null,
			created_at datetime not null
		) DEFAULT CHARACTER SET utf8mb4 COLLATE utf8mb4_unicode_520_ci; made by require_once('wp-admin/admin.php'), require_once('wp-load.php'), require_once('wp-config.php'), require_once('wp-settings.php'), do_action('init'), WP_Hook->do_action, WP_Hook->apply_filters, Elementor\Plugin->init, Elementor\Plugin->init_components, Elementor\Core\Admin\Admin->__construct, Elementor\Plugin->init_common, Elementor\Core\Common\App->init_components, Elementor\Core\Common\Modules\EventTracker\Module->__construct, Elementor\Core\Common\Modules\EventTracker\DB->__construct, Elementor\Core\Common\Modules\EventTracker\DB->create_table
[08-Aug-2025 08:58:15 UTC] WordPress database error Duplicate key name 'created_at_index' for query ALTER TABLE wp_e_events
    		ADD INDEX `created_at_index` (`created_at`)
		 made by require_once('wp-admin/admin.php'), require_once('wp-load.php'), require_once('wp-config.php'), require_once('wp-settings.php'), do_action('init'), WP_Hook->do_action, WP_Hook->apply_filters, Elementor\Plugin->init, Elementor\Plugin->init_components, Elementor\Core\Admin\Admin->__construct, Elementor\Plugin->init_common, Elementor\Core\Common\App->init_components, Elementor\Core\Common\Modules\EventTracker\Module->__construct, Elementor\Core\Common\Modules\EventTracker\DB->__construct, Elementor\Core\Common\Modules\EventTracker\DB->add_indexes
[08-Aug-2025 09:17:59 UTC] PHP Warning:  Undefined array key "uuid" in C:\Users\marmotte\Local Sites\hotelbooking\app\public\wp-content\plugins\astra-sites\inc\lib\ai-builder\inc\ajax\plugin.php on line 287
[08-Aug-2025 09:27:38 UTC] PHP Warning:  Undefined array key "uuid" in C:\Users\marmotte\Local Sites\hotelbooking\app\public\wp-content\plugins\astra-sites\inc\lib\ai-builder\inc\ajax\plugin.php on line 282
[08-Aug-2025 09:27:38 UTC] PHP Warning:  Undefined array key "uuid" in C:\Users\marmotte\Local Sites\hotelbooking\app\public\wp-content\plugins\astra-sites\inc\lib\ai-builder\inc\ajax\plugin.php on line 287
[08-Aug-2025 09:54:01 UTC] Cron reschedule event error for hook: action_scheduler_run_queue, Error code: could_not_set, Error message: The cron event list could not be saved., Data: {"schedule":"every_minute","args":["WP Cron"],"interval":60}
[21-Aug-2025 16:27:40 UTC] PHP Parse error:  syntax error, unexpected token "}" in C:\Users\marmotte\Local Sites\hotelbooking\app\public\wp-content\themes\jg-theme-wordpress\index.php on line 7
[21-Aug-2025 16:28:15 UTC] PHP Fatal error:  Uncaught Error: Call to undefined function the_posts() in C:\Users\marmotte\Local Sites\hotelbooking\app\public\wp-content\themes\jg-theme-wordpress\index.php:5
Stack trace:
#0 C:\Users\marmotte\Local Sites\hotelbooking\app\public\wp-includes\template-loader.php(106): include()
#1 C:\Users\marmotte\Local Sites\hotelbooking\app\public\wp-blog-header.php(19): require_once('C:\\Users\\marmot...')
#2 C:\Users\marmotte\Local Sites\hotelbooking\app\public\index.php(17): require('C:\\Users\\marmot...')
#3 {main}
  thrown in C:\Users\marmotte\Local Sites\hotelbooking\app\public\wp-content\themes\jg-theme-wordpress\index.php on line 5
[21-Aug-2025 18:06:00 UTC] PHP Parse error:  syntax error, unexpected token "}" in C:\Users\marmotte\Local Sites\hotelbooking\app\public\wp-content\themes\jg-theme-wordpress\functions.php on line 15
[21-Aug-2025 18:06:00 UTC] PHP Warning:  Trying to access array offset on value of type bool in C:\Users\marmotte\Local Sites\hotelbooking\app\public\wp-includes\class-wp-recovery-mode-email-service.php on line 367
[21-Aug-2025 18:06:00 UTC] PHP Warning:  Trying to access array offset on value of type bool in C:\Users\marmotte\Local Sites\hotelbooking\app\public\wp-includes\class-wp-recovery-mode-email-service.php on line 368
[21-Aug-2025 18:07:57 UTC] PHP Parse error:  syntax error, unexpected token "}" in C:\Users\marmotte\Local Sites\hotelbooking\app\public\wp-content\themes\jg-theme-wordpress\functions.php on line 15
[21-Aug-2025 18:08:01 UTC] PHP Parse error:  syntax error, unexpected token "}" in C:\Users\marmotte\Local Sites\hotelbooking\app\public\wp-content\themes\jg-theme-wordpress\functions.php on line 15
[25-Aug-2025 16:21:13 UTC] Cron reschedule event error for hook: action_scheduler_run_queue, Error code: could_not_set, Error message: The cron event list could not be saved., Data: {"schedule":"every_minute","args":["WP Cron"],"interval":60}
[25-Aug-2025 16:38:54 UTC] Cron reschedule event error for hook: action_scheduler_run_queue, Error code: could_not_set, Error message: The cron event list could not be saved., Data: {"schedule":"every_minute","args":["WP Cron"],"interval":60}
[25-Aug-2025 17:04:13 UTC] PHP Parse error:  syntax error, unexpected token "}" in C:\Users\marmotte\Local Sites\hotelbooking\app\public\wp-content\themes\jg-theme-wordpress\functions.php on line 41
[25-Aug-2025 17:04:13 UTC] PHP Warning:  Trying to access array offset on value of type bool in C:\Users\marmotte\Local Sites\hotelbooking\app\public\wp-includes\class-wp-recovery-mode-email-service.php on line 367
[25-Aug-2025 17:04:13 UTC] PHP Warning:  Trying to access array offset on value of type bool in C:\Users\marmotte\Local Sites\hotelbooking\app\public\wp-includes\class-wp-recovery-mode-email-service.php on line 368
[25-Aug-2025 18:22:46 UTC] PHP Warning:  Attempt to read property "title" on null in C:\Users\marmotte\Local Sites\hotelbooking\app\public\wp-includes\class-wp-customize-widgets.php on line 926
[25-Aug-2025 18:35:27 UTC] Cron reschedule event error for hook: action_scheduler_run_queue, Error code: could_not_set, Error message: The cron event list could not be saved., Data: {"schedule":"every_minute","args":["WP Cron"],"interval":60}
[26-Aug-2025 08:58:39 UTC] Cron reschedule event error for hook: action_scheduler_run_queue, Error code: could_not_set, Error message: The cron event list could not be saved., Data: {"schedule":"every_minute","args":["WP Cron"],"interval":60}
[26-Aug-2025 09:19:36 UTC] PHP Warning:  Undefined property: WP_Block_Template::$media in C:\Users\marmotte\Local Sites\hotelbooking\app\public\wp-content\plugins\create-block-theme\includes\create-theme\theme-templates.php on line 233
[26-Aug-2025 09:19:36 UTC] PHP Warning:  Undefined property: WP_Block_Template::$media in C:\Users\marmotte\Local Sites\hotelbooking\app\public\wp-content\plugins\create-block-theme\includes\create-theme\theme-templates.php on line 233
[26-Aug-2025 11:30:05 UTC] PHP Warning:  Attempt to read property "title" on null in C:\Users\marmotte\Local Sites\hotelbooking\app\public\wp-includes\class-wp-customize-widgets.php on line 926
[26-Aug-2025 17:13:25 UTC] PHP Fatal error:  Uncaught ArgumentCountError: _() expects exactly 1 argument, 2 given in C:\Users\marmotte\Local Sites\hotelbooking\app\public\wp-content\themes\jg-theme-wordpress\functions.php:71
Stack trace:
#0 C:\Users\marmotte\Local Sites\hotelbooking\app\public\wp-content\themes\jg-theme-wordpress\functions.php(71): _('Menu principal', 'mon-theme')
#1 C:\Users\marmotte\Local Sites\hotelbooking\app\public\wp-includes\class-wp-hook.php(324): mon_theme_register_menus('')
#2 C:\Users\marmotte\Local Sites\hotelbooking\app\public\wp-includes\class-wp-hook.php(348): WP_Hook->apply_filters(NULL, Array)
#3 C:\Users\marmotte\Local Sites\hotelbooking\app\public\wp-includes\plugin.php(517): WP_Hook->do_action(Array)
#4 C:\Users\marmotte\Local Sites\hotelbooking\app\public\wp-settings.php(705): do_action('after_setup_the...')
#5 C:\Users\marmotte\Local Sites\hotelbooking\app\public\wp-config.php(103): require_once('C:\\Users\\marmot...')
#6 C:\Users\marmotte\Local Sites\hotelbooking\app\public\wp-load.php(50): require_once('C:\\Users\\marmot...')
#7 C:\Users\marmotte\Local Sites\hotelbooking\app\public\wp-blog-header.php(13): require_once('C:\\Users\\marmot...')
#8 C:\Users\marmotte\Local Sites\hotelbooking\app\public\index.php(17): require('C:\\Users\\marmot...')
#9 {main}
  thrown in C:\Users\marmotte\Local Sites\hotelbooking\app\public\wp-content\themes\jg-theme-wordpress\functions.php on line 71
[26-Aug-2025 17:13:25 UTC] PHP Fatal error:  Uncaught ArgumentCountError: _() expects exactly 1 argument, 2 given in C:\Users\marmotte\Local Sites\hotelbooking\app\public\wp-content\themes\jg-theme-wordpress\functions.php:71
Stack trace:
#0 C:\Users\marmotte\Local Sites\hotelbooking\app\public\wp-content\themes\jg-theme-wordpress\functions.php(71): _('Menu principal', 'mon-theme')
#1 C:\Users\marmotte\Local Sites\hotelbooking\app\public\wp-includes\class-wp-hook.php(324): mon_theme_register_menus('')
#2 C:\Users\marmotte\Local Sites\hotelbooking\app\public\wp-includes\class-wp-hook.php(348): WP_Hook->apply_filters(NULL, Array)
#3 C:\Users\marmotte\Local Sites\hotelbooking\app\public\wp-includes\plugin.php(517): WP_Hook->do_action(Array)
#4 C:\Users\marmotte\Local Sites\hotelbooking\app\public\wp-settings.php(705): do_action('after_setup_the...')
#5 C:\Users\marmotte\Local Sites\hotelbooking\app\public\wp-config.php(103): require_once('C:\\Users\\marmot...')
#6 C:\Users\marmotte\Local Sites\hotelbooking\app\public\wp-load.php(50): require_once('C:\\Users\\marmot...')
#7 C:\Users\marmotte\Local Sites\hotelbooking\app\public\wp-blog-header.php(13): require_once('C:\\Users\\marmot...')
#8 C:\Users\marmotte\Local Sites\hotelbooking\app\public\index.php(17): require('C:\\Users\\marmot...')
#9 {main}
  thrown in C:\Users\marmotte\Local Sites\hotelbooking\app\public\wp-content\themes\jg-theme-wordpress\functions.php on line 71
[26-Aug-2025 17:15:20 UTC] PHP Warning:  Attempt to read property "title" on null in C:\Users\marmotte\Local Sites\hotelbooking\app\public\wp-includes\class-wp-customize-widgets.php on line 926
[26-Aug-2025 17:32:32 UTC] PHP Warning:  Attempt to read property "title" on null in C:\Users\marmotte\Local Sites\hotelbooking\app\public\wp-includes\class-wp-customize-widgets.php on line 926
[26-Aug-2025 17:35:50 UTC] PHP Warning:  Attempt to read property "title" on null in C:\Users\marmotte\Local Sites\hotelbooking\app\public\wp-includes\class-wp-customize-widgets.php on line 926
[27-Aug-2025 18:05:45 UTC] Cron reschedule event error for hook: action_scheduler_run_queue, Error code: could_not_set, Error message: The cron event list could not be saved., Data: {"schedule":"every_minute","args":["WP Cron"],"interval":60}
[27-Aug-2025 18:05:46 UTC] Cron reschedule event error for hook: wp_privacy_delete_old_export_files, Error code: could_not_set, Error message: The cron event list could not be saved., Data: {"schedule":"hourly","args":[],"interval":3600}
[27-Aug-2025 18:05:46 UTC] Cron unschedule event error for hook: wp_privacy_delete_old_export_files, Error code: could_not_set, Error message: The cron event list could not be saved., Data: {"schedule":"hourly","args":[],"interval":3600}
[27-Aug-2025 18:05:46 UTC] Cron reschedule event error for hook: wp_update_user_counts, Error code: could_not_set, Error message: The cron event list could not be saved., Data: {"schedule":"twicedaily","args":[],"interval":43200}
[27-Aug-2025 18:05:46 UTC] Cron unschedule event error for hook: wp_update_user_counts, Error code: could_not_set, Error message: The cron event list could not be saved., Data: {"schedule":"twicedaily","args":[],"interval":43200}
[27-Aug-2025 18:05:46 UTC] Cron reschedule event error for hook: wp_version_check, Error code: could_not_set, Error message: The cron event list could not be saved., Data: {"schedule":"twicedaily","args":[],"interval":43200}
[27-Aug-2025 18:05:46 UTC] Cron unschedule event error for hook: wp_version_check, Error code: could_not_set, Error message: The cron event list could not be saved., Data: {"schedule":"twicedaily","args":[],"interval":43200}
[27-Aug-2025 19:40:30 UTC] PHP Warning:  Attempt to read property "title" on null in C:\Users\marmotte\Local Sites\hotelbooking\app\public\wp-includes\class-wp-customize-widgets.php on line 926
[28-Aug-2025 17:04:57 UTC] Cron reschedule event error for hook: wp_privacy_delete_old_export_files, Error code: could_not_set, Error message: The cron event list could not be saved., Data: {"schedule":"hourly","args":[],"interval":3600}
[11-Sep-2025 18:11:17 UTC] Cron reschedule event error for hook: action_scheduler_run_queue, Error code: could_not_set, Error message: The cron event list could not be saved., Data: {"schedule":"every_minute","args":["WP Cron"],"interval":60}
